<?xml version="1.0" encoding="UTF-8"?>
<!-- Generated by org.testng.reporters.JUnitReportReporter -->
<testsuite hostname="HP" failures="0" tests="3" name="testngpkg.Crossbrowser" time="6.689" errors="0" timestamp="2023-09-19T09:55:47 IST" skipped="0">
  <testcase classname="testngpkg.Crossbrowser" name="test" time="3.287"/>
  <testcase classname="testngpkg.Crossbrowser" name="test" time="1.483"/>
  <testcase classname="testngpkg.Crossbrowser" name="test" time="1.919"/>
</testsuite> <!-- testngpkg.Crossbrowser -->
