<?xml version="1.0" encoding="UTF-8"?>
<!-- Generated by org.testng.reporters.JUnitReportReporter -->
<testsuite hostname="HP" failures="0" tests="1" name="test.Fblogintest" time="0.998" errors="0" timestamp="2023-09-29T10:13:45 IST" skipped="0">
  <testcase classname="test.Fblogintest" name="test" time="0.998"/>
</testsuite> <!-- test.Fblogintest -->
