<?xml version="1.0" encoding="UTF-8"?>
<!-- Generated by org.testng.reporters.JUnitReportReporter -->
<testsuite hostname="HP" failures="0" tests="1" name="testngpkg.Datepickerbooking" time="0.947" errors="0" timestamp="2023-10-03T09:53:04 IST" skipped="0">
  <testcase classname="testngpkg.Datepickerbooking" name="test1" time="0.947"/>
</testsuite> <!-- testngpkg.Datepickerbooking -->
