<?xml version="1.0" encoding="UTF-8"?>
<!-- Generated by org.testng.reporters.JUnitReportReporter -->
<testsuite hostname="HP" failures="0" tests="1" name="testngpkg.Parameter" time="0.011" errors="0" timestamp="2023-09-18T09:42:57 IST" skipped="0">
  <testcase classname="testngpkg.Parameter" name="test1" time="0.011"/>
</testsuite> <!-- testngpkg.Parameter -->
