<?xml version="1.0" encoding="UTF-8"?>
<!-- Generated by org.testng.reporters.JUnitReportReporter -->
<testsuite hostname="HP" failures="0" tests="1" name="testngpkg.Draganddrop" time="1.513" errors="0" timestamp="2023-09-21T18:03:32 IST" skipped="0">
  <testcase classname="testngpkg.Draganddrop" name="test" time="1.513"/>
</testsuite> <!-- testngpkg.Draganddrop -->
