<?xml version="1.0" encoding="UTF-8"?>
<!-- Generated by org.testng.reporters.JUnitReportReporter -->
<testsuite hostname="HP" failures="0" tests="1" name="testngpkg.demoguruQn" time="11.328" errors="0" timestamp="2023-09-20T10:36:10 IST" skipped="0">
  <testcase classname="testngpkg.demoguruQn" name="test1" time="11.328"/>
</testsuite> <!-- testngpkg.demoguruQn -->
