<?xml version="1.0" encoding="UTF-8"?>
<!-- Generated by org.testng.reporters.JUnitReportReporter -->
<testsuite hostname="HP" failures="0" tests="1" name="testngpkg.Facebookvaluefromxml" time="1.573" errors="0" timestamp="2023-09-18T10:08:11 IST" skipped="0">
  <testcase classname="testngpkg.Facebookvaluefromxml" name="test1" time="1.573"/>
</testsuite> <!-- testngpkg.Facebookvaluefromxml -->
