<?xml version="1.0" encoding="UTF-8"?>
<!-- Generated by org.testng.reporters.JUnitReportReporter -->
<testsuite hostname="HP" failures="0" tests="2" name="testngpkg.Rediffcheckenable" time="3.486" errors="0" timestamp="2023-09-18T11:03:22 IST" skipped="0">
  <testcase classname="testngpkg.Rediffcheckenable" name="test2" time="2.936"/>
  <testcase classname="testngpkg.Rediffcheckenable" name="test1" time="0.550"/>
</testsuite> <!-- testngpkg.Rediffcheckenable -->
