<?xml version="1.0" encoding="UTF-8"?>
<!-- Generated by org.testng.reporters.JUnitReportReporter -->
<testsuite hostname="HP" failures="0" tests="1" name="testngpkg.Ebaymousehover" time="3.589" errors="0" timestamp="2023-09-22T22:41:25 IST" skipped="0">
  <testcase classname="testngpkg.Ebaymousehover" name="test" time="3.589"/>
</testsuite> <!-- testngpkg.Ebaymousehover -->
