<?xml version="1.0" encoding="UTF-8"?>
<!-- Generated by org.testng.reporters.JUnitReportReporter -->
<testsuite hostname="HP" failures="0" tests="1" name="testngpkg.Copypaste" time="4.527" errors="0" timestamp="2023-09-20T09:45:32 IST" skipped="0">
  <testcase classname="testngpkg.Copypaste" name="test1" time="4.527"/>
</testsuite> <!-- testngpkg.Copypaste -->
