<?xml version="1.0" encoding="UTF-8"?>
<!-- Generated by org.testng.reporters.JUnitReportReporter -->
<testsuite hostname="HP" failures="0" tests="2" name="testngpkg.testngdemo" time="0.010" errors="0" timestamp="2023-09-16T10:49:56 IST" skipped="0">
  <testcase classname="testngpkg.testngdemo" name="test2" time="0.007"/>
  <testcase classname="testngpkg.testngdemo" name="test1" time="0.003"/>
</testsuite> <!-- testngpkg.testngdemo -->
