<?xml version="1.0" encoding="UTF-8"?>
<!-- Generated by org.testng.reporters.JUnitReportReporter -->
<testsuite hostname="HP" failures="0" tests="1" name="testngpkg.justdialdisablenotifications" time="1.851" errors="0" timestamp="2023-09-28T10:10:09 IST" skipped="0">
  <testcase classname="testngpkg.justdialdisablenotifications" name="test1" time="1.851"/>
</testsuite> <!-- testngpkg.justdialdisablenotifications -->
