<?xml version="1.0" encoding="UTF-8"?>
<!-- Generated by org.testng.reporters.JUnitReportReporter -->
<testsuite hostname="HP" failures="0" tests="1" name="testngpkg.saucedemopgm" time="0.859" errors="0" timestamp="2023-09-28T09:56:52 IST" skipped="0">
  <testcase classname="testngpkg.saucedemopgm" name="test1" time="0.859"/>
</testsuite> <!-- testngpkg.saucedemopgm -->
