<?xml version="1.0" encoding="UTF-8"?>
<!-- Generated by org.testng.reporters.JUnitReportReporter -->
<testsuite hostname="HP" failures="0" tests="1" name="test.SauceDemotest" time="10.677" errors="0" timestamp="2023-10-03T09:01:47 IST" skipped="0">
  <testcase classname="test.SauceDemotest" name="test" time="10.677"/>
</testsuite> <!-- test.SauceDemotest -->
