<?xml version="1.0" encoding="UTF-8"?>
<!-- Generated by org.testng.reporters.JUnitReportReporter -->
<testsuite hostname="HP" failures="0" tests="4" name="testngpkg.Ebayques" time="0.319" errors="0" timestamp="2023-09-19T10:49:20 IST" skipped="0">
  <testcase classname="testngpkg.Ebayques" name="test4" time="0.115"/>
  <testcase classname="testngpkg.Ebayques" name="test1" time="0.042"/>
  <testcase classname="testngpkg.Ebayques" name="test3" time="0.063"/>
  <testcase classname="testngpkg.Ebayques" name="test" time="0.099"/>
</testsuite> <!-- testngpkg.Ebayques -->
