<?xml version="1.0" encoding="UTF-8"?>
<!-- Generated by org.testng.reporters.JUnitReportReporter -->
<testsuite hostname="HP" failures="0" tests="1" name="testngpkg.Owndatadriven" time="28.989" errors="0" timestamp="2023-09-28T16:00:02 IST" skipped="0">
  <testcase classname="testngpkg.Owndatadriven" name="test1" time="28.989"/>
</testsuite> <!-- testngpkg.Owndatadriven -->
