<?xml version="1.0" encoding="UTF-8"?>
<!-- Generated by org.testng.reporters.JUnitReportReporter -->
<testsuite hostname="HP" failures="0" tests="1" name="testngpkg.Datadrivenfb" time="13.021" errors="0" timestamp="2023-09-30T16:50:35 IST" skipped="0">
  <testcase classname="testngpkg.Datadrivenfb" name="test1" time="13.021"/>
</testsuite> <!-- testngpkg.Datadrivenfb -->
