<?xml version="1.0" encoding="UTF-8"?>
<!-- Generated by org.testng.reporters.JUnitReportReporter -->
<testsuite hostname="HP" failures="0" tests="1" name="testngpkg.Amazonscrolldown" time="2.063" errors="0" timestamp="2023-09-28T10:54:04 IST" skipped="0">
  <testcase classname="testngpkg.Amazonscrolldown" name="test1" time="2.063"/>
</testsuite> <!-- testngpkg.Amazonscrolldown -->
