<?xml version="1.0" encoding="UTF-8"?>
<!-- Generated by org.testng.reporters.JUnitReportReporter -->
<testsuite hostname="HP" failures="0" tests="1" name="testngpkg.Fileuploadrobot" time="6.309" errors="0" timestamp="2023-09-22T22:28:36 IST" skipped="0">
  <testcase classname="testngpkg.Fileuploadrobot" name="test1" time="6.309"/>
</testsuite> <!-- testngpkg.Fileuploadrobot -->
