<?xml version="1.0" encoding="UTF-8"?>
<!-- Generated by org.testng.reporters.JUnitReportReporter -->
<testsuite hostname="HP" failures="0" tests="1" name="testngpkg.Amazonwindowhandler" time="11.290" errors="0" timestamp="2023-09-25T11:43:51 IST" skipped="0">
  <testcase classname="testngpkg.Amazonwindowhandler" name="test" time="11.290"/>
</testsuite> <!-- testngpkg.Amazonwindowhandler -->
