<?xml version="1.0" encoding="UTF-8"?>
<!-- Generated by org.testng.reporters.JUnitReportReporter -->
<testsuite hostname="HP" failures="0" tests="2" name="testngpkg.Grouping" time="0.008" errors="0" timestamp="2023-09-16T11:21:22 IST" skipped="0">
  <testcase classname="testngpkg.Grouping" name="test1" time="0.006"/>
  <testcase classname="testngpkg.Grouping" name="test3" time="0.002"/>
</testsuite> <!-- testngpkg.Grouping -->
