<?xml version="1.0" encoding="UTF-8"?>
<!-- Generated by org.testng.reporters.JUnitReportReporter -->
<testsuite hostname="HP" failures="0" tests="1" name="testngpkg.Fileupload" time="0.207" errors="0" timestamp="2023-09-22T22:47:27 IST" skipped="0">
  <testcase classname="testngpkg.Fileupload" name="test" time="0.207"/>
</testsuite> <!-- testngpkg.Fileupload -->
