<?xml version="1.0" encoding="UTF-8"?>
<!-- Generated by org.testng.reporters.JUnitReportReporter -->
<testsuite hostname="HP" failures="0" tests="1" name="test.Fbcreatepagetest" time="2.229" errors="0" timestamp="2023-09-29T10:42:57 IST" skipped="0">
  <testcase classname="test.Fbcreatepagetest" name="test" time="2.229"/>
</testsuite> <!-- test.Fbcreatepagetest -->
